CRITICAL - 2021-04-18 16:54:02 --> Unable to connect to the database.
#0 D:\Kuliah Merry\PKL SV IPB\4.04\Surat Bebas komdis\SuratBebasKomdis\system\Database\BaseConnection.php(646): CodeIgniter\Database\BaseConnection->initialize()
#1 D:\Kuliah Merry\PKL SV IPB\4.04\Surat Bebas komdis\SuratBebasKomdis\system\Database\BaseBuilder.php(1860): CodeIgniter\Database\BaseConnection->query('SELECT *\nFROM `...', Array, false)
#2 D:\Kuliah Merry\PKL SV IPB\4.04\Surat Bebas komdis\SuratBebasKomdis\vendor\benedmunds\codeigniter-ion-auth\Models\IonAuthModel.php(2769): CodeIgniter\Database\BaseBuilder->get()
#3 [internal function]: IonAuth\Models\IonAuthModel->IsMahasiswa('J3C110890')
#4 D:\Kuliah Merry\PKL SV IPB\4.04\Surat Bebas komdis\SuratBebasKomdis\vendor\benedmunds\codeigniter-ion-auth\Libraries\IonAuth.php(104): call_user_func_array(Array, Array)
#5 D:\Kuliah Merry\PKL SV IPB\4.04\Surat Bebas komdis\SuratBebasKomdis\app\Controllers\Mahasiswa\Login.php(25): IonAuth\Libraries\IonAuth->__call('IsMahasiswa', Array)
#6 D:\Kuliah Merry\PKL SV IPB\4.04\Surat Bebas komdis\SuratBebasKomdis\system\CodeIgniter.php(918): App\Controllers\Mahasiswa\Login->index()
#7 D:\Kuliah Merry\PKL SV IPB\4.04\Surat Bebas komdis\SuratBebasKomdis\system\CodeIgniter.php(404): CodeIgniter\CodeIgniter->runController(Object(App\Controllers\Mahasiswa\Login))
#8 D:\Kuliah Merry\PKL SV IPB\4.04\Surat Bebas komdis\SuratBebasKomdis\system\CodeIgniter.php(312): CodeIgniter\CodeIgniter->handleRequest(NULL, Object(Config\Cache), false)
#9 D:\Kuliah Merry\PKL SV IPB\4.04\Surat Bebas komdis\SuratBebasKomdis\public\index.php(45): CodeIgniter\CodeIgniter->run()
#10 D:\Kuliah Merry\PKL SV IPB\4.04\Surat Bebas komdis\SuratBebasKomdis\system\Commands\Server\rewrite.php(34): require_once('D:\\Kuliah Merry...')
#11 {main}
CRITICAL - 2021-04-18 16:54:02 --> Uncaught ErrorException: print_r(): Property access is not allowed yet in D:\Kuliah Merry\PKL SV IPB\4.04\Surat Bebas komdis\SuratBebasKomdis\app\Views\errors\html\error_exception.php:100
Stack trace:
#0 [internal function]: CodeIgniter\Debug\Exceptions->errorHandler(2, 'print_r(): Prop...', 'D:\\Kuliah Merry...', 100, Array)
#1 D:\Kuliah Merry\PKL SV IPB\4.04\Surat Bebas komdis\SuratBebasKomdis\app\Views\errors\html\error_exception.php(100): print_r(Object(App\Controllers\Mahasiswa\Login), true)
#2 D:\Kuliah Merry\PKL SV IPB\4.04\Surat Bebas komdis\SuratBebasKomdis\system\Debug\Exceptions.php(308): include('D:\\Kuliah Merry...')
#3 D:\Kuliah Merry\PKL SV IPB\4.04\Surat Bebas komdis\SuratBebasKomdis\system\Debug\Exceptions.php(174): CodeIgniter\Debug\Exceptions->render(Object(CodeIgniter\Database\Exceptions\DatabaseException), 500)
#4 [internal function]: CodeIgniter\Debug\Exceptions->exceptionHandler(Object(CodeIgniter\Database\Exceptions\DatabaseException))
#5 {main}
  thrown
#0 [internal function]: CodeIgniter\Debug\Exceptions->shutdownHandler()
#1 {main}
CRITICAL - 2021-04-18 16:56:20 --> Unable to connect to the database.
#0 D:\Kuliah Merry\PKL SV IPB\4.04\Surat Bebas komdis\SuratBebasKomdis\system\Database\BaseConnection.php(646): CodeIgniter\Database\BaseConnection->initialize()
#1 D:\Kuliah Merry\PKL SV IPB\4.04\Surat Bebas komdis\SuratBebasKomdis\system\Database\BaseBuilder.php(1860): CodeIgniter\Database\BaseConnection->query('SELECT *\nFROM `...', Array, false)
#2 D:\Kuliah Merry\PKL SV IPB\4.04\Surat Bebas komdis\SuratBebasKomdis\vendor\benedmunds\codeigniter-ion-auth\Models\IonAuthModel.php(2769): CodeIgniter\Database\BaseBuilder->get()
#3 [internal function]: IonAuth\Models\IonAuthModel->IsMahasiswa('201811198211141...')
#4 D:\Kuliah Merry\PKL SV IPB\4.04\Surat Bebas komdis\SuratBebasKomdis\vendor\benedmunds\codeigniter-ion-auth\Libraries\IonAuth.php(104): call_user_func_array(Array, Array)
#5 D:\Kuliah Merry\PKL SV IPB\4.04\Surat Bebas komdis\SuratBebasKomdis\app\Controllers\Admin\Login.php(25): IonAuth\Libraries\IonAuth->__call('IsMahasiswa', Array)
#6 D:\Kuliah Merry\PKL SV IPB\4.04\Surat Bebas komdis\SuratBebasKomdis\system\CodeIgniter.php(918): App\Controllers\Admin\Login->index()
#7 D:\Kuliah Merry\PKL SV IPB\4.04\Surat Bebas komdis\SuratBebasKomdis\system\CodeIgniter.php(404): CodeIgniter\CodeIgniter->runController(Object(App\Controllers\Admin\Login))
#8 D:\Kuliah Merry\PKL SV IPB\4.04\Surat Bebas komdis\SuratBebasKomdis\system\CodeIgniter.php(312): CodeIgniter\CodeIgniter->handleRequest(NULL, Object(Config\Cache), false)
#9 D:\Kuliah Merry\PKL SV IPB\4.04\Surat Bebas komdis\SuratBebasKomdis\public\index.php(45): CodeIgniter\CodeIgniter->run()
#10 D:\Kuliah Merry\PKL SV IPB\4.04\Surat Bebas komdis\SuratBebasKomdis\system\Commands\Server\rewrite.php(34): require_once('D:\\Kuliah Merry...')
#11 {main}
CRITICAL - 2021-04-18 16:56:20 --> Uncaught ErrorException: print_r(): Property access is not allowed yet in D:\Kuliah Merry\PKL SV IPB\4.04\Surat Bebas komdis\SuratBebasKomdis\app\Views\errors\html\error_exception.php:100
Stack trace:
#0 [internal function]: CodeIgniter\Debug\Exceptions->errorHandler(2, 'print_r(): Prop...', 'D:\\Kuliah Merry...', 100, Array)
#1 D:\Kuliah Merry\PKL SV IPB\4.04\Surat Bebas komdis\SuratBebasKomdis\app\Views\errors\html\error_exception.php(100): print_r(Object(App\Controllers\Admin\Login), true)
#2 D:\Kuliah Merry\PKL SV IPB\4.04\Surat Bebas komdis\SuratBebasKomdis\system\Debug\Exceptions.php(308): include('D:\\Kuliah Merry...')
#3 D:\Kuliah Merry\PKL SV IPB\4.04\Surat Bebas komdis\SuratBebasKomdis\system\Debug\Exceptions.php(174): CodeIgniter\Debug\Exceptions->render(Object(CodeIgniter\Database\Exceptions\DatabaseException), 500)
#4 [internal function]: CodeIgniter\Debug\Exceptions->exceptionHandler(Object(CodeIgniter\Database\Exceptions\DatabaseException))
#5 {main}
  thrown
#0 [internal function]: CodeIgniter\Debug\Exceptions->shutdownHandler()
#1 {main}
CRITICAL - 2021-04-18 16:57:39 --> Unable to connect to the database.
#0 D:\Kuliah Merry\PKL SV IPB\4.04\Surat Bebas komdis\SuratBebasKomdis\system\Database\BaseConnection.php(646): CodeIgniter\Database\BaseConnection->initialize()
#1 D:\Kuliah Merry\PKL SV IPB\4.04\Surat Bebas komdis\SuratBebasKomdis\system\Database\BaseBuilder.php(1860): CodeIgniter\Database\BaseConnection->query('SELECT *\nFROM `...', Array, false)
#2 D:\Kuliah Merry\PKL SV IPB\4.04\Surat Bebas komdis\SuratBebasKomdis\vendor\benedmunds\codeigniter-ion-auth\Models\IonAuthModel.php(2769): CodeIgniter\Database\BaseBuilder->get()
#3 [internal function]: IonAuth\Models\IonAuthModel->IsMahasiswa('201811198211141...')
#4 D:\Kuliah Merry\PKL SV IPB\4.04\Surat Bebas komdis\SuratBebasKomdis\vendor\benedmunds\codeigniter-ion-auth\Libraries\IonAuth.php(104): call_user_func_array(Array, Array)
#5 D:\Kuliah Merry\PKL SV IPB\4.04\Surat Bebas komdis\SuratBebasKomdis\app\Controllers\Admin\Login.php(25): IonAuth\Libraries\IonAuth->__call('IsMahasiswa', Array)
#6 D:\Kuliah Merry\PKL SV IPB\4.04\Surat Bebas komdis\SuratBebasKomdis\system\CodeIgniter.php(918): App\Controllers\Admin\Login->index()
#7 D:\Kuliah Merry\PKL SV IPB\4.04\Surat Bebas komdis\SuratBebasKomdis\system\CodeIgniter.php(404): CodeIgniter\CodeIgniter->runController(Object(App\Controllers\Admin\Login))
#8 D:\Kuliah Merry\PKL SV IPB\4.04\Surat Bebas komdis\SuratBebasKomdis\system\CodeIgniter.php(312): CodeIgniter\CodeIgniter->handleRequest(NULL, Object(Config\Cache), false)
#9 D:\Kuliah Merry\PKL SV IPB\4.04\Surat Bebas komdis\SuratBebasKomdis\public\index.php(45): CodeIgniter\CodeIgniter->run()
#10 D:\Kuliah Merry\PKL SV IPB\4.04\Surat Bebas komdis\SuratBebasKomdis\system\Commands\Server\rewrite.php(34): require_once('D:\\Kuliah Merry...')
#11 {main}
CRITICAL - 2021-04-18 16:57:40 --> Uncaught ErrorException: print_r(): Property access is not allowed yet in D:\Kuliah Merry\PKL SV IPB\4.04\Surat Bebas komdis\SuratBebasKomdis\app\Views\errors\html\error_exception.php:100
Stack trace:
#0 [internal function]: CodeIgniter\Debug\Exceptions->errorHandler(2, 'print_r(): Prop...', 'D:\\Kuliah Merry...', 100, Array)
#1 D:\Kuliah Merry\PKL SV IPB\4.04\Surat Bebas komdis\SuratBebasKomdis\app\Views\errors\html\error_exception.php(100): print_r(Object(App\Controllers\Admin\Login), true)
#2 D:\Kuliah Merry\PKL SV IPB\4.04\Surat Bebas komdis\SuratBebasKomdis\system\Debug\Exceptions.php(308): include('D:\\Kuliah Merry...')
#3 D:\Kuliah Merry\PKL SV IPB\4.04\Surat Bebas komdis\SuratBebasKomdis\system\Debug\Exceptions.php(174): CodeIgniter\Debug\Exceptions->render(Object(CodeIgniter\Database\Exceptions\DatabaseException), 500)
#4 [internal function]: CodeIgniter\Debug\Exceptions->exceptionHandler(Object(CodeIgniter\Database\Exceptions\DatabaseException))
#5 {main}
  thrown
#0 [internal function]: CodeIgniter\Debug\Exceptions->shutdownHandler()
#1 {main}
